[debug] [2022-07-31T20:45:13.913Z] ----------------------------------------------------------------------
[debug] [2022-07-31T20:45:13.915Z] Command:       C:\Program Files\nodejs\node.exe C:\Users\Ksoti\AppData\Roaming\npm\node_modules\firebase-tools\lib\bin\firebase.js deploy --only functions
[debug] [2022-07-31T20:45:13.916Z] CLI Version:   9.5.0
[debug] [2022-07-31T20:45:13.916Z] Platform:      win32
[debug] [2022-07-31T20:45:13.916Z] Node Version:  v16.16.0
[debug] [2022-07-31T20:45:13.917Z] Time:          Sun Jul 31 2022 16:45:13 GMT-0400 (Eastern Daylight Time)
[debug] [2022-07-31T20:45:13.917Z] ----------------------------------------------------------------------
[debug] [2022-07-31T20:45:13.917Z] 
[debug] [2022-07-31T20:45:13.929Z] > command requires scopes: ["email","openid","https://www.googleapis.com/auth/cloudplatformprojects.readonly","https://www.googleapis.com/auth/firebase","https://www.googleapis.com/auth/cloud-platform"]
[debug] [2022-07-31T20:45:13.931Z] > authorizing via signed-in user
[debug] [2022-07-31T20:45:13.931Z] [iam] checking project to-do-app-cobuildlab for permissions ["cloudfunctions.functions.create","cloudfunctions.functions.delete","cloudfunctions.functions.get","cloudfunctions.functions.list","cloudfunctions.functions.update","cloudfunctions.operations.get","firebase.projects.get"]
[debug] [2022-07-31T20:45:13.934Z] > refreshing access token with scopes: ["email","https://www.googleapis.com/auth/cloud-platform","https://www.googleapis.com/auth/cloudplatformprojects.readonly","https://www.googleapis.com/auth/firebase","openid"]
[debug] [2022-07-31T20:45:13.935Z] >>> HTTP REQUEST POST https://www.googleapis.com/oauth2/v3/token  
 <request body omitted>
[debug] [2022-07-31T20:45:14.137Z] <<< HTTP RESPONSE 200 {"expires":"Mon, 01 Jan 1990 00:00:00 GMT","pragma":"no-cache","date":"Sun, 31 Jul 2022 20:45:16 GMT","cache-control":"no-cache, no-store, max-age=0, must-revalidate","content-type":"application/json; charset=utf-8","vary":"X-Origin, Referer, Origin,Accept-Encoding","server":"scaffolding on HTTPServer2","x-xss-protection":"0","x-frame-options":"SAMEORIGIN","x-content-type-options":"nosniff","alt-svc":"h3=\":443\"; ma=2592000,h3-29=\":443\"; ma=2592000,h3-Q050=\":443\"; ma=2592000,h3-Q046=\":443\"; ma=2592000,h3-Q043=\":443\"; ma=2592000,quic=\":443\"; ma=2592000; v=\"46,43\"","accept-ranges":"none","transfer-encoding":"chunked"}
[debug] [2022-07-31T20:45:14.144Z] >>> HTTP REQUEST POST https://cloudresourcemanager.googleapis.com/v1/projects/to-do-app-cobuildlab:testIamPermissions  
 {"permissions":["cloudfunctions.functions.create","cloudfunctions.functions.delete","cloudfunctions.functions.get","cloudfunctions.functions.list","cloudfunctions.functions.update","cloudfunctions.operations.get","firebase.projects.get"]}
[debug] [2022-07-31T20:45:14.442Z] <<< HTTP RESPONSE 200 {"content-type":"application/json; charset=UTF-8","vary":"X-Origin, Referer, Origin,Accept-Encoding","date":"Sun, 31 Jul 2022 20:45:16 GMT","server":"ESF","cache-control":"private","x-xss-protection":"0","x-frame-options":"SAMEORIGIN","x-content-type-options":"nosniff","server-timing":"gfet4t7; dur=101","alt-svc":"h3=\":443\"; ma=2592000,h3-29=\":443\"; ma=2592000,h3-Q050=\":443\"; ma=2592000,h3-Q046=\":443\"; ma=2592000,h3-Q043=\":443\"; ma=2592000,quic=\":443\"; ma=2592000; v=\"46,43\"","accept-ranges":"none","transfer-encoding":"chunked"}
[debug] [2022-07-31T20:45:14.442Z] >>> HTTP REQUEST POST https://iam.googleapis.com/v1/projects/to-do-app-cobuildlab/serviceAccounts/to-do-app-cobuildlab@appspot.gserviceaccount.com:testIamPermissions  
 {"permissions":["iam.serviceAccounts.actAs"]}
[debug] [2022-07-31T20:45:14.803Z] <<< HTTP RESPONSE 200 {"content-type":"application/json; charset=UTF-8","vary":"X-Origin, Referer, Origin,Accept-Encoding","date":"Sun, 31 Jul 2022 20:45:16 GMT","server":"ESF","cache-control":"private","x-xss-protection":"0","x-frame-options":"SAMEORIGIN","x-content-type-options":"nosniff","alt-svc":"h3=\":443\"; ma=2592000,h3-29=\":443\"; ma=2592000,h3-Q050=\":443\"; ma=2592000,h3-Q046=\":443\"; ma=2592000,h3-Q043=\":443\"; ma=2592000,quic=\":443\"; ma=2592000; v=\"46,43\"","accept-ranges":"none","transfer-encoding":"chunked"}
[info] 
[info] === Deploying to 'to-do-app-cobuildlab'...
[info] 
[info] i  deploying functions 
[info] Running command: npm --prefix "$RESOURCE_DIR" run lint
[info] Running command: npm --prefix "$RESOURCE_DIR" run build
[info] +  functions: Finished running predeploy script. 
[info] i  functions: ensuring required API cloudfunctions.googleapis.com is enabled... 
[info] i  functions: ensuring required API cloudbuild.googleapis.com is enabled... 
[debug] [2022-07-31T20:45:44.506Z] >>> HTTP REQUEST GET https://serviceusage.googleapis.com/v1/projects/to-do-app-cobuildlab/services/cloudfunctions.googleapis.com  
 
[debug] [2022-07-31T20:45:44.507Z] >>> HTTP REQUEST GET https://serviceusage.googleapis.com/v1/projects/to-do-app-cobuildlab/services/runtimeconfig.googleapis.com  
 
[debug] [2022-07-31T20:45:44.507Z] >>> HTTP REQUEST GET https://serviceusage.googleapis.com/v1/projects/to-do-app-cobuildlab/services/cloudbuild.googleapis.com  
 
[debug] [2022-07-31T20:45:44.911Z] <<< HTTP RESPONSE 200 {"content-type":"application/json; charset=UTF-8","vary":"X-Origin, Referer, Origin,Accept-Encoding","date":"Sun, 31 Jul 2022 20:45:46 GMT","server":"ESF","cache-control":"private","x-xss-protection":"0","x-frame-options":"SAMEORIGIN","x-content-type-options":"nosniff","alt-svc":"h3=\":443\"; ma=2592000,h3-29=\":443\"; ma=2592000,h3-Q050=\":443\"; ma=2592000,h3-Q046=\":443\"; ma=2592000,h3-Q043=\":443\"; ma=2592000,quic=\":443\"; ma=2592000; v=\"46,43\"","accept-ranges":"none","transfer-encoding":"chunked"}
[debug] [2022-07-31T20:45:44.947Z] <<< HTTP RESPONSE 200 {"content-type":"application/json; charset=UTF-8","vary":"X-Origin, Referer, Origin,Accept-Encoding","date":"Sun, 31 Jul 2022 20:45:46 GMT","server":"ESF","cache-control":"private","x-xss-protection":"0","x-frame-options":"SAMEORIGIN","x-content-type-options":"nosniff","alt-svc":"h3=\":443\"; ma=2592000,h3-29=\":443\"; ma=2592000,h3-Q050=\":443\"; ma=2592000,h3-Q046=\":443\"; ma=2592000,h3-Q043=\":443\"; ma=2592000,quic=\":443\"; ma=2592000; v=\"46,43\"","accept-ranges":"none","transfer-encoding":"chunked"}
[info] +  functions: required API cloudbuild.googleapis.com is enabled 
[debug] [2022-07-31T20:45:44.951Z] <<< HTTP RESPONSE 200 {"content-type":"application/json; charset=UTF-8","vary":"X-Origin, Referer, Origin,Accept-Encoding","date":"Sun, 31 Jul 2022 20:45:46 GMT","server":"ESF","cache-control":"private","x-xss-protection":"0","x-frame-options":"SAMEORIGIN","x-content-type-options":"nosniff","alt-svc":"h3=\":443\"; ma=2592000,h3-29=\":443\"; ma=2592000,h3-Q050=\":443\"; ma=2592000,h3-Q046=\":443\"; ma=2592000,h3-Q043=\":443\"; ma=2592000,quic=\":443\"; ma=2592000; v=\"46,43\"","accept-ranges":"none","transfer-encoding":"chunked"}
[info] +  functions: required API cloudfunctions.googleapis.com is enabled 
[debug] [2022-07-31T20:45:44.952Z] >>> HTTP REQUEST GET https://firebase.googleapis.com/v1beta1/projects/to-do-app-cobuildlab/adminSdkConfig  
 
[debug] [2022-07-31T20:45:45.297Z] <<< HTTP RESPONSE 200 {"content-type":"application/json; charset=UTF-8","vary":"X-Origin, Referer, Origin,Accept-Encoding","date":"Sun, 31 Jul 2022 20:45:47 GMT","server":"ESF","cache-control":"private","x-xss-protection":"0","x-frame-options":"SAMEORIGIN","x-content-type-options":"nosniff","alt-svc":"h3=\":443\"; ma=2592000,h3-29=\":443\"; ma=2592000,h3-Q050=\":443\"; ma=2592000,h3-Q046=\":443\"; ma=2592000,h3-Q043=\":443\"; ma=2592000,quic=\":443\"; ma=2592000; v=\"46,43\"","accept-ranges":"none","transfer-encoding":"chunked"}
[info] i  functions: preparing functions directory for uploading... 
[debug] [2022-07-31T20:45:45.299Z] >>> HTTP REQUEST GET https://runtimeconfig.googleapis.com/v1beta1/projects/to-do-app-cobuildlab/configs  
 
[debug] [2022-07-31T20:45:45.747Z] <<< HTTP RESPONSE 200 {"content-type":"application/json; charset=UTF-8","vary":"X-Origin, Referer, Origin,Accept-Encoding","date":"Sun, 31 Jul 2022 20:45:47 GMT","server":"ESF","cache-control":"private","x-xss-protection":"0","x-frame-options":"SAMEORIGIN","x-content-type-options":"nosniff","alt-svc":"h3=\":443\"; ma=2592000,h3-29=\":443\"; ma=2592000,h3-Q050=\":443\"; ma=2592000,h3-Q046=\":443\"; ma=2592000,h3-Q043=\":443\"; ma=2592000,quic=\":443\"; ma=2592000; v=\"46,43\"","accept-ranges":"none","transfer-encoding":"chunked"}
[debug] [2022-07-31T20:45:45.748Z] >>> HTTP REQUEST GET https://runtimeconfig.googleapis.com/v1beta1/projects/to-do-app-cobuildlab/configs/db/variables  
 
[debug] [2022-07-31T20:45:46.086Z] <<< HTTP RESPONSE 200 {"content-type":"application/json; charset=UTF-8","vary":"X-Origin, Referer, Origin,Accept-Encoding","date":"Sun, 31 Jul 2022 20:45:48 GMT","server":"ESF","cache-control":"private","x-xss-protection":"0","x-frame-options":"SAMEORIGIN","x-content-type-options":"nosniff","alt-svc":"h3=\":443\"; ma=2592000,h3-29=\":443\"; ma=2592000,h3-Q050=\":443\"; ma=2592000,h3-Q046=\":443\"; ma=2592000,h3-Q043=\":443\"; ma=2592000,quic=\":443\"; ma=2592000; v=\"46,43\"","accept-ranges":"none","transfer-encoding":"chunked"}
[debug] [2022-07-31T20:45:46.087Z] >>> HTTP REQUEST GET https://runtimeconfig.googleapis.com/v1beta1/projects/to-do-app-cobuildlab/configs/db/variables/endpoint  
 
[debug] [2022-07-31T20:45:46.088Z] >>> HTTP REQUEST GET https://runtimeconfig.googleapis.com/v1beta1/projects/to-do-app-cobuildlab/configs/db/variables/token  
 
[debug] [2022-07-31T20:45:46.317Z] <<< HTTP RESPONSE 200 {"content-type":"application/json; charset=UTF-8","vary":"X-Origin, Referer, Origin,Accept-Encoding","date":"Sun, 31 Jul 2022 20:45:48 GMT","server":"ESF","cache-control":"private","x-xss-protection":"0","x-frame-options":"SAMEORIGIN","x-content-type-options":"nosniff","alt-svc":"h3=\":443\"; ma=2592000,h3-29=\":443\"; ma=2592000,h3-Q050=\":443\"; ma=2592000,h3-Q046=\":443\"; ma=2592000,h3-Q043=\":443\"; ma=2592000,quic=\":443\"; ma=2592000; v=\"46,43\"","accept-ranges":"none","transfer-encoding":"chunked"}
[debug] [2022-07-31T20:45:46.390Z] <<< HTTP RESPONSE 200 {"content-type":"application/json; charset=UTF-8","vary":"X-Origin, Referer, Origin,Accept-Encoding","date":"Sun, 31 Jul 2022 20:45:48 GMT","server":"ESF","cache-control":"private","x-xss-protection":"0","x-frame-options":"SAMEORIGIN","x-content-type-options":"nosniff","alt-svc":"h3=\":443\"; ma=2592000,h3-29=\":443\"; ma=2592000,h3-Q050=\":443\"; ma=2592000,h3-Q046=\":443\"; ma=2592000,h3-Q043=\":443\"; ma=2592000,quic=\":443\"; ma=2592000; v=\"46,43\"","accept-ranges":"none","transfer-encoding":"chunked"}
[info] i  functions: packaged functions (87.88 KB) for uploading 
[debug] [2022-07-31T20:45:47.687Z] > [functions] package.json contents: {
  "name": "functions",
  "scripts": {
    "lint": "eslint --ext .js,.ts .",
    "build": "tsc",
    "serve": "npm run build && firebase emulators:start --only functions",
    "shell": "npm run build && firebase functions:shell",
    "start": "npm run shell",
    "deploy": "firebase deploy --only functions",
    "logs": "firebase functions:log"
  },
  "engines": {
    "node": "12"
  },
  "main": "lib/index.js",
  "dependencies": {
    "cors": "^2.8.5",
    "firebase-admin": "^9.2.0",
    "firebase-functions": "^3.11.0",
    "graphql": "^16.5.0",
    "graphql-request": "^4.3.0"
  },
  "devDependencies": {
    "@typescript-eslint/eslint-plugin": "^3.9.1",
    "@typescript-eslint/parser": "^3.8.0",
    "firebase-functions-test": "^0.2.0",
    "typescript": "^4.7.4"
  },
  "private": true
}
[debug] [2022-07-31T20:45:47.689Z] >>> HTTP REQUEST GET https://cloudfunctions.googleapis.com/v1/projects/to-do-app-cobuildlab/locations/-/functions  
 
[debug] [2022-07-31T20:45:48.379Z] <<< HTTP RESPONSE 200 {"content-type":"application/json; charset=UTF-8","vary":"X-Origin, Referer, Origin,Accept-Encoding","date":"Sun, 31 Jul 2022 20:45:50 GMT","server":"ESF","cache-control":"private","x-xss-protection":"0","x-frame-options":"SAMEORIGIN","x-content-type-options":"nosniff","alt-svc":"h3=\":443\"; ma=2592000,h3-29=\":443\"; ma=2592000,h3-Q050=\":443\"; ma=2592000,h3-Q046=\":443\"; ma=2592000,h3-Q043=\":443\"; ma=2592000,quic=\":443\"; ma=2592000; v=\"46,43\"","accept-ranges":"none","transfer-encoding":"chunked"}
[debug] [2022-07-31T20:45:48.380Z] >>> HTTP REQUEST POST https://cloudfunctions.googleapis.com/v1/projects/to-do-app-cobuildlab/locations/us-central1/functions:generateUploadUrl  
 
[debug] [2022-07-31T20:45:49.021Z] <<< HTTP RESPONSE 200 {"content-type":"application/json; charset=UTF-8","vary":"X-Origin, Referer, Origin,Accept-Encoding","date":"Sun, 31 Jul 2022 20:45:51 GMT","server":"ESF","cache-control":"private","x-xss-protection":"0","x-frame-options":"SAMEORIGIN","x-content-type-options":"nosniff","alt-svc":"h3=\":443\"; ma=2592000,h3-29=\":443\"; ma=2592000,h3-Q050=\":443\"; ma=2592000,h3-Q046=\":443\"; ma=2592000,h3-Q043=\":443\"; ma=2592000,quic=\":443\"; ma=2592000; v=\"46,43\"","accept-ranges":"none","transfer-encoding":"chunked"}
[debug] [2022-07-31T20:45:49.022Z] >>> HTTP REQUEST PUT https://storage.googleapis.com/uploads-192443348260.us-central1.cloudfunctions.appspot.com/f7a3fccc-f073-4d3b-ac5e-080ad2f5ef78.zip?GoogleAccessId=service-826601481481@gcf-admin-robot.iam.gserviceaccount.com&Expires=1659302150&Signature=KCuEyJxeWdzC0vcikx9J7NvTo%2FBEixCfa1GCuZkIvq5C%2FCU3S1wUNjD7SaDOGcTCkCUhE9NnBq3OD1FfYtg6CXSTSoGmvHVfujiHFHHKN5qy5ypdGJtkRCFXQPA2DN9t0KxeV2yiCkaWM%2Bg0GmKHX3wnJE6ZAlsee1MIhqD%2F4YMBoILHVr84m%2Fbo5kBS%2B%2BsisQMCatjEDZTadYv%2BLT9K0UmWb9yFNpwKJmKlmV%2FZncF%2F6vmA%2FIXZcqO%2BBgkjYynkQQz6Z1%2BMVCRZXvHhkXxU5YQ%2BrG6j7gmuI9Wp0ag%2F3OOxprJ5AOvPd9xxdso1aPzEkrexxujnkku18Lq1qJ%2Bu8g%3D%3D  
 <request body omitted>
[debug] [2022-07-31T20:45:49.368Z] <<< HTTP RESPONSE 200 {"x-guploader-uploadid":"ADPycdsUeBxtBJ7_LMv8TA4mT6ENpDDh3o0P6eDDVa7kOdxfnN2geeGcFbXcT1tx2Ky4UBW2ZJi_4QFRf4VW3klQZDuArhPdxXqy","etag":"\"9875b711f138cd5bbcc980de83e5752c\"","x-goog-generation":"1659300351358745","x-goog-metageneration":"1","x-goog-hash":"crc32c=hPm84Q==, md5=mHW3EfE4zVu8yYDeg+V1LA==","x-goog-stored-content-length":"89992","x-goog-stored-content-encoding":"identity","vary":"Origin","content-length":"0","date":"Sun, 31 Jul 2022 20:45:51 GMT","server":"UploadServer","content-type":"text/html; charset=UTF-8","alt-svc":"h3=\":443\"; ma=2592000,h3-29=\":443\"; ma=2592000,h3-Q050=\":443\"; ma=2592000,h3-Q046=\":443\"; ma=2592000,h3-Q043=\":443\"; ma=2592000,quic=\":443\"; ma=2592000; v=\"46,43\""}
[info] +  functions: functions folder uploaded successfully 
[info] i  functions: updating Node.js 12 function updateTaskStatus(us-central1)... 
[debug] [2022-07-31T20:45:49.374Z] >>> HTTP REQUEST PATCH https://cloudfunctions.googleapis.com/v1/projects/to-do-app-cobuildlab/locations/us-central1/functions/updateTaskStatus {"updateMask":"sourceUploadUrl,name,labels,runtime,environmentVariables,httpsTrigger"} 
 {"sourceUploadUrl":"https://storage.googleapis.com/uploads-192443348260.us-central1.cloudfunctions.appspot.com/f7a3fccc-f073-4d3b-ac5e-080ad2f5ef78.zip?GoogleAccessId=service-826601481481@gcf-admin-robot.iam.gserviceaccount.com&Expires=1659302150&Signature=KCuEyJxeWdzC0vcikx9J7NvTo%2FBEixCfa1GCuZkIvq5C%2FCU3S1wUNjD7SaDOGcTCkCUhE9NnBq3OD1FfYtg6CXSTSoGmvHVfujiHFHHKN5qy5ypdGJtkRCFXQPA2DN9t0KxeV2yiCkaWM%2Bg0GmKHX3wnJE6ZAlsee1MIhqD%2F4YMBoILHVr84m%2Fbo5kBS%2B%2BsisQMCatjEDZTadYv%2BLT9K0UmWb9yFNpwKJmKlmV%2FZncF%2F6vmA%2FIXZcqO%2BBgkjYynkQQz6Z1%2BMVCRZXvHhkXxU5YQ%2BrG6j7gmuI9Wp0ag%2F3OOxprJ5AOvPd9xxdso1aPzEkrexxujnkku18Lq1qJ%2Bu8g%3D%3D","name":"projects/to-do-app-cobuildlab/locations/us-central1/functions/updateTaskStatus","labels":{"deployment-tool":"cli-firebase"},"httpsTrigger":{},"runtime":"nodejs12","environmentVariables":{"FIREBASE_CONFIG":"{\"projectId\":\"to-do-app-cobuildlab\",\"storageBucket\":\"to-do-app-cobuildlab.appspot.com\"}"}}
[debug] [2022-07-31T20:45:49.859Z] <<< HTTP RESPONSE 200 {"content-type":"application/json; charset=UTF-8","vary":"X-Origin, Referer, Origin,Accept-Encoding","date":"Sun, 31 Jul 2022 20:45:51 GMT","server":"ESF","cache-control":"private","x-xss-protection":"0","x-frame-options":"SAMEORIGIN","x-content-type-options":"nosniff","alt-svc":"h3=\":443\"; ma=2592000,h3-29=\":443\"; ma=2592000,h3-Q050=\":443\"; ma=2592000,h3-Q046=\":443\"; ma=2592000,h3-Q043=\":443\"; ma=2592000,quic=\":443\"; ma=2592000; v=\"46,43\"","accept-ranges":"none","transfer-encoding":"chunked"}
[debug] [2022-07-31T20:45:49.860Z] > refreshing access token with scopes: []
[debug] [2022-07-31T20:45:49.861Z] >>> HTTP REQUEST POST https://www.googleapis.com/oauth2/v3/token  
 <request body omitted>
[debug] [2022-07-31T20:45:49.981Z] <<< HTTP RESPONSE 200 {"date":"Sun, 31 Jul 2022 20:45:51 GMT","pragma":"no-cache","cache-control":"no-cache, no-store, max-age=0, must-revalidate","expires":"Mon, 01 Jan 1990 00:00:00 GMT","content-type":"application/json; charset=utf-8","vary":"X-Origin, Referer, Origin,Accept-Encoding","server":"scaffolding on HTTPServer2","x-xss-protection":"0","x-frame-options":"SAMEORIGIN","x-content-type-options":"nosniff","alt-svc":"h3=\":443\"; ma=2592000,h3-29=\":443\"; ma=2592000,h3-Q050=\":443\"; ma=2592000,h3-Q046=\":443\"; ma=2592000,h3-Q043=\":443\"; ma=2592000,quic=\":443\"; ma=2592000; v=\"46,43\"","accept-ranges":"none","transfer-encoding":"chunked"}
[debug] [2022-07-31T20:45:49.987Z] >>> [apiv2][query] GET https://cloudfunctions.googleapis.com/v1/operations/dG8tZG8tYXBwLWNvYnVpbGRsYWIvdXMtY2VudHJhbDEvdXBkYXRlVGFza1N0YXR1cy9kdC1jS1Zhd3NmNA [none]
[debug] [2022-07-31T20:45:50.313Z] <<< [apiv2][status] GET https://cloudfunctions.googleapis.com/v1/operations/dG8tZG8tYXBwLWNvYnVpbGRsYWIvdXMtY2VudHJhbDEvdXBkYXRlVGFza1N0YXR1cy9kdC1jS1Zhd3NmNA 200
[debug] [2022-07-31T20:45:50.313Z] <<< [apiv2][body] GET https://cloudfunctions.googleapis.com/v1/operations/dG8tZG8tYXBwLWNvYnVpbGRsYWIvdXMtY2VudHJhbDEvdXBkYXRlVGFza1N0YXR1cy9kdC1jS1Zhd3NmNA {"name":"operations/dG8tZG8tYXBwLWNvYnVpbGRsYWIvdXMtY2VudHJhbDEvdXBkYXRlVGFza1N0YXR1cy9kdC1jS1Zhd3NmNA","metadata":{"@type":"type.googleapis.com/google.cloud.functions.v1.OperationMetadataV1","target":"projects/to-do-app-cobuildlab/locations/us-central1/functions/updateTaskStatus","type":"UPDATE_FUNCTION","request":{"@type":"type.googleapis.com/google.cloud.functions.v1.CloudFunction","name":"projects/to-do-app-cobuildlab/locations/us-central1/functions/updateTaskStatus","httpsTrigger":{},"status":"ACTIVE","entryPoint":"updateTaskStatus","timeout":"60s","availableMemoryMb":256,"serviceAccountEmail":"to-do-app-cobuildlab@appspot.gserviceaccount.com","updateTime":"2022-07-31T20:26:09.342Z","versionId":"5","labels":{"deployment-tool":"cli-firebase"},"sourceUploadUrl":"https://storage.googleapis.com/uploads-192443348260.us-central1.cloudfunctions.appspot.com/f7a3fccc-f073-4d3b-ac5e-080ad2f5ef78.zip?GoogleAccessId=service-826601481481@gcf-admin-robot.iam.gserviceaccount.com&Expires=1659302150&Signature=KCuEyJxeWdzC0vcikx9J7NvTo%2FBEixCfa1GCuZkIvq5C%2FCU3S1wUNjD7SaDOGcTCkCUhE9NnBq3OD1FfYtg6CXSTSoGmvHVfujiHFHHKN5qy5ypdGJtkRCFXQPA2DN9t0KxeV2yiCkaWM%2Bg0GmKHX3wnJE6ZAlsee1MIhqD%2F4YMBoILHVr84m%2Fbo5kBS%2B%2BsisQMCatjEDZTadYv%2BLT9K0UmWb9yFNpwKJmKlmV%2FZncF%2F6vmA%2FIXZcqO%2BBgkjYynkQQz6Z1%2BMVCRZXvHhkXxU5YQ%2BrG6j7gmuI9Wp0ag%2F3OOxprJ5AOvPd9xxdso1aPzEkrexxujnkku18Lq1qJ%2Bu8g%3D%3D","environmentVariables":{"FIREBASE_CONFIG":"{\"projectId\":\"to-do-app-cobuildlab\",\"storageBucket\":\"to-do-app-cobuildlab.appspot.com\"}"},"runtime":"nodejs12","ingressSettings":"ALLOW_ALL","buildId":"09147fb2-1575-4723-bdbe-c0150cd1bfb3","buildName":"projects/826601481481/locations/us-central1/builds/09147fb2-1575-4723-bdbe-c0150cd1bfb3","dockerRegistry":"CONTAINER_REGISTRY"},"versionId":"6","updateTime":"2022-07-31T20:45:51Z"}}
[debug] [2022-07-31T20:45:50.822Z] [update-projects/to-do-app-cobuildlab/locations/us-central1/functions/updateTaskStatus] Retrying task index 0
[debug] [2022-07-31T20:45:50.822Z] >>> [apiv2][query] GET https://cloudfunctions.googleapis.com/v1/operations/dG8tZG8tYXBwLWNvYnVpbGRsYWIvdXMtY2VudHJhbDEvdXBkYXRlVGFza1N0YXR1cy9kdC1jS1Zhd3NmNA [none]
[debug] [2022-07-31T20:45:51.132Z] <<< [apiv2][status] GET https://cloudfunctions.googleapis.com/v1/operations/dG8tZG8tYXBwLWNvYnVpbGRsYWIvdXMtY2VudHJhbDEvdXBkYXRlVGFza1N0YXR1cy9kdC1jS1Zhd3NmNA 200
[debug] [2022-07-31T20:45:51.132Z] <<< [apiv2][body] GET https://cloudfunctions.googleapis.com/v1/operations/dG8tZG8tYXBwLWNvYnVpbGRsYWIvdXMtY2VudHJhbDEvdXBkYXRlVGFza1N0YXR1cy9kdC1jS1Zhd3NmNA {"name":"operations/dG8tZG8tYXBwLWNvYnVpbGRsYWIvdXMtY2VudHJhbDEvdXBkYXRlVGFza1N0YXR1cy9kdC1jS1Zhd3NmNA","metadata":{"@type":"type.googleapis.com/google.cloud.functions.v1.OperationMetadataV1","target":"projects/to-do-app-cobuildlab/locations/us-central1/functions/updateTaskStatus","type":"UPDATE_FUNCTION","request":{"@type":"type.googleapis.com/google.cloud.functions.v1.CloudFunction","name":"projects/to-do-app-cobuildlab/locations/us-central1/functions/updateTaskStatus","httpsTrigger":{},"status":"ACTIVE","entryPoint":"updateTaskStatus","timeout":"60s","availableMemoryMb":256,"serviceAccountEmail":"to-do-app-cobuildlab@appspot.gserviceaccount.com","updateTime":"2022-07-31T20:26:09.342Z","versionId":"5","labels":{"deployment-tool":"cli-firebase"},"sourceUploadUrl":"https://storage.googleapis.com/uploads-192443348260.us-central1.cloudfunctions.appspot.com/f7a3fccc-f073-4d3b-ac5e-080ad2f5ef78.zip?GoogleAccessId=service-826601481481@gcf-admin-robot.iam.gserviceaccount.com&Expires=1659302150&Signature=KCuEyJxeWdzC0vcikx9J7NvTo%2FBEixCfa1GCuZkIvq5C%2FCU3S1wUNjD7SaDOGcTCkCUhE9NnBq3OD1FfYtg6CXSTSoGmvHVfujiHFHHKN5qy5ypdGJtkRCFXQPA2DN9t0KxeV2yiCkaWM%2Bg0GmKHX3wnJE6ZAlsee1MIhqD%2F4YMBoILHVr84m%2Fbo5kBS%2B%2BsisQMCatjEDZTadYv%2BLT9K0UmWb9yFNpwKJmKlmV%2FZncF%2F6vmA%2FIXZcqO%2BBgkjYynkQQz6Z1%2BMVCRZXvHhkXxU5YQ%2BrG6j7gmuI9Wp0ag%2F3OOxprJ5AOvPd9xxdso1aPzEkrexxujnkku18Lq1qJ%2Bu8g%3D%3D","environmentVariables":{"FIREBASE_CONFIG":"{\"projectId\":\"to-do-app-cobuildlab\",\"storageBucket\":\"to-do-app-cobuildlab.appspot.com\"}"},"runtime":"nodejs12","ingressSettings":"ALLOW_ALL","buildId":"09147fb2-1575-4723-bdbe-c0150cd1bfb3","buildName":"projects/826601481481/locations/us-central1/builds/09147fb2-1575-4723-bdbe-c0150cd1bfb3","dockerRegistry":"CONTAINER_REGISTRY"},"versionId":"6","updateTime":"2022-07-31T20:45:51Z","buildId":"1103fdb4-e708-44a5-b8cb-edf9d4857257","buildName":"projects/826601481481/locations/us-central1/builds/1103fdb4-e708-44a5-b8cb-edf9d4857257"}}
[debug] [2022-07-31T20:45:52.147Z] [update-projects/to-do-app-cobuildlab/locations/us-central1/functions/updateTaskStatus] Retrying task index 0
[debug] [2022-07-31T20:45:52.147Z] >>> [apiv2][query] GET https://cloudfunctions.googleapis.com/v1/operations/dG8tZG8tYXBwLWNvYnVpbGRsYWIvdXMtY2VudHJhbDEvdXBkYXRlVGFza1N0YXR1cy9kdC1jS1Zhd3NmNA [none]
[debug] [2022-07-31T20:45:52.456Z] <<< [apiv2][status] GET https://cloudfunctions.googleapis.com/v1/operations/dG8tZG8tYXBwLWNvYnVpbGRsYWIvdXMtY2VudHJhbDEvdXBkYXRlVGFza1N0YXR1cy9kdC1jS1Zhd3NmNA 200
[debug] [2022-07-31T20:45:52.456Z] <<< [apiv2][body] GET https://cloudfunctions.googleapis.com/v1/operations/dG8tZG8tYXBwLWNvYnVpbGRsYWIvdXMtY2VudHJhbDEvdXBkYXRlVGFza1N0YXR1cy9kdC1jS1Zhd3NmNA {"name":"operations/dG8tZG8tYXBwLWNvYnVpbGRsYWIvdXMtY2VudHJhbDEvdXBkYXRlVGFza1N0YXR1cy9kdC1jS1Zhd3NmNA","metadata":{"@type":"type.googleapis.com/google.cloud.functions.v1.OperationMetadataV1","target":"projects/to-do-app-cobuildlab/locations/us-central1/functions/updateTaskStatus","type":"UPDATE_FUNCTION","request":{"@type":"type.googleapis.com/google.cloud.functions.v1.CloudFunction","name":"projects/to-do-app-cobuildlab/locations/us-central1/functions/updateTaskStatus","httpsTrigger":{},"status":"ACTIVE","entryPoint":"updateTaskStatus","timeout":"60s","availableMemoryMb":256,"serviceAccountEmail":"to-do-app-cobuildlab@appspot.gserviceaccount.com","updateTime":"2022-07-31T20:26:09.342Z","versionId":"5","labels":{"deployment-tool":"cli-firebase"},"sourceUploadUrl":"https://storage.googleapis.com/uploads-192443348260.us-central1.cloudfunctions.appspot.com/f7a3fccc-f073-4d3b-ac5e-080ad2f5ef78.zip?GoogleAccessId=service-826601481481@gcf-admin-robot.iam.gserviceaccount.com&Expires=1659302150&Signature=KCuEyJxeWdzC0vcikx9J7NvTo%2FBEixCfa1GCuZkIvq5C%2FCU3S1wUNjD7SaDOGcTCkCUhE9NnBq3OD1FfYtg6CXSTSoGmvHVfujiHFHHKN5qy5ypdGJtkRCFXQPA2DN9t0KxeV2yiCkaWM%2Bg0GmKHX3wnJE6ZAlsee1MIhqD%2F4YMBoILHVr84m%2Fbo5kBS%2B%2BsisQMCatjEDZTadYv%2BLT9K0UmWb9yFNpwKJmKlmV%2FZncF%2F6vmA%2FIXZcqO%2BBgkjYynkQQz6Z1%2BMVCRZXvHhkXxU5YQ%2BrG6j7gmuI9Wp0ag%2F3OOxprJ5AOvPd9xxdso1aPzEkrexxujnkku18Lq1qJ%2Bu8g%3D%3D","environmentVariables":{"FIREBASE_CONFIG":"{\"projectId\":\"to-do-app-cobuildlab\",\"storageBucket\":\"to-do-app-cobuildlab.appspot.com\"}"},"runtime":"nodejs12","ingressSettings":"ALLOW_ALL","buildId":"09147fb2-1575-4723-bdbe-c0150cd1bfb3","buildName":"projects/826601481481/locations/us-central1/builds/09147fb2-1575-4723-bdbe-c0150cd1bfb3","dockerRegistry":"CONTAINER_REGISTRY"},"versionId":"6","updateTime":"2022-07-31T20:45:51Z","buildId":"1103fdb4-e708-44a5-b8cb-edf9d4857257","buildName":"projects/826601481481/locations/us-central1/builds/1103fdb4-e708-44a5-b8cb-edf9d4857257"}}
[debug] [2022-07-31T20:45:54.470Z] [update-projects/to-do-app-cobuildlab/locations/us-central1/functions/updateTaskStatus] Retrying task index 0
[debug] [2022-07-31T20:45:54.470Z] >>> [apiv2][query] GET https://cloudfunctions.googleapis.com/v1/operations/dG8tZG8tYXBwLWNvYnVpbGRsYWIvdXMtY2VudHJhbDEvdXBkYXRlVGFza1N0YXR1cy9kdC1jS1Zhd3NmNA [none]
[debug] [2022-07-31T20:45:54.739Z] <<< [apiv2][status] GET https://cloudfunctions.googleapis.com/v1/operations/dG8tZG8tYXBwLWNvYnVpbGRsYWIvdXMtY2VudHJhbDEvdXBkYXRlVGFza1N0YXR1cy9kdC1jS1Zhd3NmNA 200
[debug] [2022-07-31T20:45:54.740Z] <<< [apiv2][body] GET https://cloudfunctions.googleapis.com/v1/operations/dG8tZG8tYXBwLWNvYnVpbGRsYWIvdXMtY2VudHJhbDEvdXBkYXRlVGFza1N0YXR1cy9kdC1jS1Zhd3NmNA {"name":"operations/dG8tZG8tYXBwLWNvYnVpbGRsYWIvdXMtY2VudHJhbDEvdXBkYXRlVGFza1N0YXR1cy9kdC1jS1Zhd3NmNA","metadata":{"@type":"type.googleapis.com/google.cloud.functions.v1.OperationMetadataV1","target":"projects/to-do-app-cobuildlab/locations/us-central1/functions/updateTaskStatus","type":"UPDATE_FUNCTION","request":{"@type":"type.googleapis.com/google.cloud.functions.v1.CloudFunction","name":"projects/to-do-app-cobuildlab/locations/us-central1/functions/updateTaskStatus","httpsTrigger":{},"status":"ACTIVE","entryPoint":"updateTaskStatus","timeout":"60s","availableMemoryMb":256,"serviceAccountEmail":"to-do-app-cobuildlab@appspot.gserviceaccount.com","updateTime":"2022-07-31T20:26:09.342Z","versionId":"5","labels":{"deployment-tool":"cli-firebase"},"sourceUploadUrl":"https://storage.googleapis.com/uploads-192443348260.us-central1.cloudfunctions.appspot.com/f7a3fccc-f073-4d3b-ac5e-080ad2f5ef78.zip?GoogleAccessId=service-826601481481@gcf-admin-robot.iam.gserviceaccount.com&Expires=1659302150&Signature=KCuEyJxeWdzC0vcikx9J7NvTo%2FBEixCfa1GCuZkIvq5C%2FCU3S1wUNjD7SaDOGcTCkCUhE9NnBq3OD1FfYtg6CXSTSoGmvHVfujiHFHHKN5qy5ypdGJtkRCFXQPA2DN9t0KxeV2yiCkaWM%2Bg0GmKHX3wnJE6ZAlsee1MIhqD%2F4YMBoILHVr84m%2Fbo5kBS%2B%2BsisQMCatjEDZTadYv%2BLT9K0UmWb9yFNpwKJmKlmV%2FZncF%2F6vmA%2FIXZcqO%2BBgkjYynkQQz6Z1%2BMVCRZXvHhkXxU5YQ%2BrG6j7gmuI9Wp0ag%2F3OOxprJ5AOvPd9xxdso1aPzEkrexxujnkku18Lq1qJ%2Bu8g%3D%3D","environmentVariables":{"FIREBASE_CONFIG":"{\"projectId\":\"to-do-app-cobuildlab\",\"storageBucket\":\"to-do-app-cobuildlab.appspot.com\"}"},"runtime":"nodejs12","ingressSettings":"ALLOW_ALL","buildId":"09147fb2-1575-4723-bdbe-c0150cd1bfb3","buildName":"projects/826601481481/locations/us-central1/builds/09147fb2-1575-4723-bdbe-c0150cd1bfb3","dockerRegistry":"CONTAINER_REGISTRY"},"versionId":"6","updateTime":"2022-07-31T20:45:51Z","buildId":"1103fdb4-e708-44a5-b8cb-edf9d4857257","buildName":"projects/826601481481/locations/us-central1/builds/1103fdb4-e708-44a5-b8cb-edf9d4857257"}}
[debug] [2022-07-31T20:45:58.747Z] [update-projects/to-do-app-cobuildlab/locations/us-central1/functions/updateTaskStatus] Retrying task index 0
[debug] [2022-07-31T20:45:58.747Z] >>> [apiv2][query] GET https://cloudfunctions.googleapis.com/v1/operations/dG8tZG8tYXBwLWNvYnVpbGRsYWIvdXMtY2VudHJhbDEvdXBkYXRlVGFza1N0YXR1cy9kdC1jS1Zhd3NmNA [none]
[debug] [2022-07-31T20:45:59.081Z] <<< [apiv2][status] GET https://cloudfunctions.googleapis.com/v1/operations/dG8tZG8tYXBwLWNvYnVpbGRsYWIvdXMtY2VudHJhbDEvdXBkYXRlVGFza1N0YXR1cy9kdC1jS1Zhd3NmNA 200
[debug] [2022-07-31T20:45:59.081Z] <<< [apiv2][body] GET https://cloudfunctions.googleapis.com/v1/operations/dG8tZG8tYXBwLWNvYnVpbGRsYWIvdXMtY2VudHJhbDEvdXBkYXRlVGFza1N0YXR1cy9kdC1jS1Zhd3NmNA {"name":"operations/dG8tZG8tYXBwLWNvYnVpbGRsYWIvdXMtY2VudHJhbDEvdXBkYXRlVGFza1N0YXR1cy9kdC1jS1Zhd3NmNA","metadata":{"@type":"type.googleapis.com/google.cloud.functions.v1.OperationMetadataV1","target":"projects/to-do-app-cobuildlab/locations/us-central1/functions/updateTaskStatus","type":"UPDATE_FUNCTION","request":{"@type":"type.googleapis.com/google.cloud.functions.v1.CloudFunction","name":"projects/to-do-app-cobuildlab/locations/us-central1/functions/updateTaskStatus","httpsTrigger":{},"status":"ACTIVE","entryPoint":"updateTaskStatus","timeout":"60s","availableMemoryMb":256,"serviceAccountEmail":"to-do-app-cobuildlab@appspot.gserviceaccount.com","updateTime":"2022-07-31T20:26:09.342Z","versionId":"5","labels":{"deployment-tool":"cli-firebase"},"sourceUploadUrl":"https://storage.googleapis.com/uploads-192443348260.us-central1.cloudfunctions.appspot.com/f7a3fccc-f073-4d3b-ac5e-080ad2f5ef78.zip?GoogleAccessId=service-826601481481@gcf-admin-robot.iam.gserviceaccount.com&Expires=1659302150&Signature=KCuEyJxeWdzC0vcikx9J7NvTo%2FBEixCfa1GCuZkIvq5C%2FCU3S1wUNjD7SaDOGcTCkCUhE9NnBq3OD1FfYtg6CXSTSoGmvHVfujiHFHHKN5qy5ypdGJtkRCFXQPA2DN9t0KxeV2yiCkaWM%2Bg0GmKHX3wnJE6ZAlsee1MIhqD%2F4YMBoILHVr84m%2Fbo5kBS%2B%2BsisQMCatjEDZTadYv%2BLT9K0UmWb9yFNpwKJmKlmV%2FZncF%2F6vmA%2FIXZcqO%2BBgkjYynkQQz6Z1%2BMVCRZXvHhkXxU5YQ%2BrG6j7gmuI9Wp0ag%2F3OOxprJ5AOvPd9xxdso1aPzEkrexxujnkku18Lq1qJ%2Bu8g%3D%3D","environmentVariables":{"FIREBASE_CONFIG":"{\"projectId\":\"to-do-app-cobuildlab\",\"storageBucket\":\"to-do-app-cobuildlab.appspot.com\"}"},"runtime":"nodejs12","ingressSettings":"ALLOW_ALL","buildId":"09147fb2-1575-4723-bdbe-c0150cd1bfb3","buildName":"projects/826601481481/locations/us-central1/builds/09147fb2-1575-4723-bdbe-c0150cd1bfb3","dockerRegistry":"CONTAINER_REGISTRY"},"versionId":"6","updateTime":"2022-07-31T20:45:51Z","buildId":"1103fdb4-e708-44a5-b8cb-edf9d4857257","buildName":"projects/826601481481/locations/us-central1/builds/1103fdb4-e708-44a5-b8cb-edf9d4857257"}}
